  [1m[36mActiveRecord::SchemaMigration Pluck (1.0ms)[0m  [1m[34mSELECT "schema_migrations"."version" FROM "schema_migrations" ORDER BY "schema_migrations"."version" ASC[0m
  [1m[36mActiveRecord::InternalMetadata Pluck (0.4ms)[0m  [1m[34mSELECT "ar_internal_metadata"."value" FROM "ar_internal_metadata" WHERE "ar_internal_metadata"."key" = $1 LIMIT $2[0m  [["key", "environment"], ["LIMIT", 1]]
  [1m[36mActiveRecord::SchemaMigration Pluck (0.1ms)[0m  [1m[34mSELECT "schema_migrations"."version" FROM "schema_migrations" ORDER BY "schema_migrations"."version" ASC[0m
  [1m[36mActiveRecord::InternalMetadata Pluck (0.4ms)[0m  [1m[34mSELECT "ar_internal_metadata"."value" FROM "ar_internal_metadata" WHERE "ar_internal_metadata"."key" = $1 LIMIT $2[0m  [["key", "environment"], ["LIMIT", 1]]
  [1m[36mActiveRecord::SchemaMigration Pluck (0.1ms)[0m  [1m[34mSELECT "schema_migrations"."version" FROM "schema_migrations" ORDER BY "schema_migrations"."version" ASC[0m
  [1m[36mActiveRecord::InternalMetadata Pluck (0.1ms)[0m  [1m[34mSELECT "ar_internal_metadata"."value" FROM "ar_internal_metadata" WHERE "ar_internal_metadata"."key" = $1 LIMIT $2[0m  [["key", "environment"], ["LIMIT", 1]]
  [1m[35m (67.7ms)[0m  [1m[35mDROP DATABASE IF EXISTS "demo_mini_capstone_api_development"[0m
  [1m[35m (28.7ms)[0m  [1m[35mDROP DATABASE IF EXISTS "demo_mini_capstone_api_test"[0m
  [1m[35m (91.5ms)[0m  [1m[35mCREATE DATABASE "demo_mini_capstone_api_development" ENCODING = 'unicode'[0m
  [1m[35m (35.9ms)[0m  [1m[35mCREATE DATABASE "demo_mini_capstone_api_test" ENCODING = 'unicode'[0m
  [1m[35mSQL (0.1ms)[0m  [1m[35mCREATE EXTENSION IF NOT EXISTS "plpgsql"[0m
  [1m[35m (0.0ms)[0m  [1m[35mDROP TABLE IF EXISTS "carted_products" CASCADE[0m
  [1m[35m (2.2ms)[0m  [1m[35mCREATE TABLE "carted_products" ("id" bigserial primary key, "user_id" integer, "product_id" integer, "quantity" integer, "status" character varying, "order_id" integer, "created_at" timestamp(6) NOT NULL, "updated_at" timestamp(6) NOT NULL)[0m
  [1m[35m (0.1ms)[0m  [1m[35mDROP TABLE IF EXISTS "categories" CASCADE[0m
  [1m[35m (1.0ms)[0m  [1m[35mCREATE TABLE "categories" ("id" bigserial primary key, "name" character varying, "created_at" timestamp(6) NOT NULL, "updated_at" timestamp(6) NOT NULL)[0m
  [1m[35m (0.1ms)[0m  [1m[35mDROP TABLE IF EXISTS "category_products" CASCADE[0m
  [1m[35m (0.5ms)[0m  [1m[35mCREATE TABLE "category_products" ("id" bigserial primary key, "category_id" integer, "product_id" integer, "created_at" timestamp(6) NOT NULL, "updated_at" timestamp(6) NOT NULL)[0m
  [1m[35m (0.1ms)[0m  [1m[35mDROP TABLE IF EXISTS "images" CASCADE[0m
  [1m[35m (0.9ms)[0m  [1m[35mCREATE TABLE "images" ("id" bigserial primary key, "url" character varying, "product_id" integer, "created_at" timestamp(6) NOT NULL, "updated_at" timestamp(6) NOT NULL)[0m
  [1m[35m (0.4ms)[0m  [1m[35mDROP TABLE IF EXISTS "orders" CASCADE[0m
  [1m[35m (1.2ms)[0m  [1m[35mCREATE TABLE "orders" ("id" bigserial primary key, "user_id" integer, "subtotal" decimal(9,2), "tax" decimal(9,2), "total" decimal(9,2), "created_at" timestamp(6) NOT NULL, "updated_at" timestamp(6) NOT NULL)[0m
  [1m[35m (0.1ms)[0m  [1m[35mDROP TABLE IF EXISTS "products" CASCADE[0m
  [1m[35m (0.9ms)[0m  [1m[35mCREATE TABLE "products" ("id" bigserial primary key, "name" character varying, "price" decimal(9,2), "description" text, "created_at" timestamp(6) NOT NULL, "updated_at" timestamp(6) NOT NULL, "quantity" integer, "supplier_id" integer)[0m
  [1m[35m (0.1ms)[0m  [1m[35mDROP TABLE IF EXISTS "suppliers" CASCADE[0m
  [1m[35m (1.0ms)[0m  [1m[35mCREATE TABLE "suppliers" ("id" bigserial primary key, "name" character varying, "email" character varying, "phone_number" character varying, "created_at" timestamp(6) NOT NULL, "updated_at" timestamp(6) NOT NULL)[0m
  [1m[35m (0.1ms)[0m  [1m[35mDROP TABLE IF EXISTS "users" CASCADE[0m
  [1m[35m (0.9ms)[0m  [1m[35mCREATE TABLE "users" ("id" bigserial primary key, "name" character varying, "email" character varying, "password_digest" character varying, "created_at" timestamp(6) NOT NULL, "updated_at" timestamp(6) NOT NULL, "admin" boolean DEFAULT FALSE)[0m
  [1m[35m (1.5ms)[0m  [1m[35mCREATE TABLE "schema_migrations" ("version" character varying NOT NULL PRIMARY KEY)[0m
  [1m[36mActiveRecord::SchemaMigration Pluck (0.3ms)[0m  [1m[34mSELECT "schema_migrations"."version" FROM "schema_migrations" ORDER BY "schema_migrations"."version" ASC[0m
  [1m[35m (0.3ms)[0m  [1m[32mINSERT INTO "schema_migrations" (version) VALUES (20230724200829)[0m
  [1m[35m (0.3ms)[0m  [1m[32mINSERT INTO "schema_migrations" (version) VALUES
(20230706190555),
(20230712184546),
(20230712184738),
(20230712185014),
(20230714161518),
(20230714161748),
(20230714183258),
(20230714183412),
(20230719160439),
(20230719161727),
(20230720163159),
(20230720174107),
(20230720174420),
(20230724200655);

[0m
  [1m[35m (1.2ms)[0m  [1m[35mCREATE TABLE "ar_internal_metadata" ("key" character varying NOT NULL PRIMARY KEY, "value" character varying, "created_at" timestamp(6) NOT NULL, "updated_at" timestamp(6) NOT NULL)[0m
  [1m[36mActiveRecord::InternalMetadata Load (0.2ms)[0m  [1m[34mSELECT "ar_internal_metadata".* FROM "ar_internal_metadata" WHERE "ar_internal_metadata"."key" = $1 LIMIT $2[0m  [["key", "environment"], ["LIMIT", 1]]
  [1m[36mTRANSACTION (0.0ms)[0m  [1m[35mBEGIN[0m
  [1m[36mActiveRecord::InternalMetadata Create (0.2ms)[0m  [1m[32mINSERT INTO "ar_internal_metadata" ("key", "value", "created_at", "updated_at") VALUES ($1, $2, $3, $4) RETURNING "key"[0m  [["key", "environment"], ["value", "development"], ["created_at", "2023-08-25 17:17:49.379227"], ["updated_at", "2023-08-25 17:17:49.379227"]]
  [1m[36mTRANSACTION (0.1ms)[0m  [1m[35mCOMMIT[0m
  [1m[36mActiveRecord::InternalMetadata Load (0.1ms)[0m  [1m[34mSELECT "ar_internal_metadata".* FROM "ar_internal_metadata" WHERE "ar_internal_metadata"."key" = $1 LIMIT $2[0m  [["key", "environment"], ["LIMIT", 1]]
  [1m[36mActiveRecord::InternalMetadata Load (0.0ms)[0m  [1m[34mSELECT "ar_internal_metadata".* FROM "ar_internal_metadata" WHERE "ar_internal_metadata"."key" = $1 LIMIT $2[0m  [["key", "schema_sha1"], ["LIMIT", 1]]
  [1m[36mTRANSACTION (0.0ms)[0m  [1m[35mBEGIN[0m
  [1m[36mActiveRecord::InternalMetadata Create (0.1ms)[0m  [1m[32mINSERT INTO "ar_internal_metadata" ("key", "value", "created_at", "updated_at") VALUES ($1, $2, $3, $4) RETURNING "key"[0m  [["key", "schema_sha1"], ["value", "3924fb0ced44ec07e5b090bf2104d7d9f36aa121"], ["created_at", "2023-08-25 17:17:49.382839"], ["updated_at", "2023-08-25 17:17:49.382839"]]
  [1m[36mTRANSACTION (0.1ms)[0m  [1m[35mCOMMIT[0m
  [1m[35mSQL (0.1ms)[0m  [1m[35mCREATE EXTENSION IF NOT EXISTS "plpgsql"[0m
  [1m[35m (0.0ms)[0m  [1m[35mDROP TABLE IF EXISTS "carted_products" CASCADE[0m
  [1m[35m (2.2ms)[0m  [1m[35mCREATE TABLE "carted_products" ("id" bigserial primary key, "user_id" integer, "product_id" integer, "quantity" integer, "status" character varying, "order_id" integer, "created_at" timestamp(6) NOT NULL, "updated_at" timestamp(6) NOT NULL)[0m
  [1m[35m (0.1ms)[0m  [1m[35mDROP TABLE IF EXISTS "categories" CASCADE[0m
  [1m[35m (0.9ms)[0m  [1m[35mCREATE TABLE "categories" ("id" bigserial primary key, "name" character varying, "created_at" timestamp(6) NOT NULL, "updated_at" timestamp(6) NOT NULL)[0m
  [1m[35m (0.1ms)[0m  [1m[35mDROP TABLE IF EXISTS "category_products" CASCADE[0m
  [1m[35m (0.6ms)[0m  [1m[35mCREATE TABLE "category_products" ("id" bigserial primary key, "category_id" integer, "product_id" integer, "created_at" timestamp(6) NOT NULL, "updated_at" timestamp(6) NOT NULL)[0m
  [1m[35m (0.1ms)[0m  [1m[35mDROP TABLE IF EXISTS "images" CASCADE[0m
  [1m[35m (1.9ms)[0m  [1m[35mCREATE TABLE "images" ("id" bigserial primary key, "url" character varying, "product_id" integer, "created_at" timestamp(6) NOT NULL, "updated_at" timestamp(6) NOT NULL)[0m
  [1m[35m (0.1ms)[0m  [1m[35mDROP TABLE IF EXISTS "orders" CASCADE[0m
  [1m[35m (0.6ms)[0m  [1m[35mCREATE TABLE "orders" ("id" bigserial primary key, "user_id" integer, "subtotal" decimal(9,2), "tax" decimal(9,2), "total" decimal(9,2), "created_at" timestamp(6) NOT NULL, "updated_at" timestamp(6) NOT NULL)[0m
  [1m[35m (0.1ms)[0m  [1m[35mDROP TABLE IF EXISTS "products" CASCADE[0m
  [1m[35m (1.7ms)[0m  [1m[35mCREATE TABLE "products" ("id" bigserial primary key, "name" character varying, "price" decimal(9,2), "description" text, "created_at" timestamp(6) NOT NULL, "updated_at" timestamp(6) NOT NULL, "quantity" integer, "supplier_id" integer)[0m
  [1m[35m (0.1ms)[0m  [1m[35mDROP TABLE IF EXISTS "suppliers" CASCADE[0m
  [1m[35m (1.1ms)[0m  [1m[35mCREATE TABLE "suppliers" ("id" bigserial primary key, "name" character varying, "email" character varying, "phone_number" character varying, "created_at" timestamp(6) NOT NULL, "updated_at" timestamp(6) NOT NULL)[0m
  [1m[35m (0.1ms)[0m  [1m[35mDROP TABLE IF EXISTS "users" CASCADE[0m
  [1m[35m (0.9ms)[0m  [1m[35mCREATE TABLE "users" ("id" bigserial primary key, "name" character varying, "email" character varying, "password_digest" character varying, "created_at" timestamp(6) NOT NULL, "updated_at" timestamp(6) NOT NULL, "admin" boolean DEFAULT FALSE)[0m
  [1m[35m (0.7ms)[0m  [1m[35mCREATE TABLE "schema_migrations" ("version" character varying NOT NULL PRIMARY KEY)[0m
  [1m[36mActiveRecord::SchemaMigration Pluck (0.1ms)[0m  [1m[34mSELECT "schema_migrations"."version" FROM "schema_migrations" ORDER BY "schema_migrations"."version" ASC[0m
  [1m[35m (0.3ms)[0m  [1m[32mINSERT INTO "schema_migrations" (version) VALUES (20230724200829)[0m
  [1m[35m (0.1ms)[0m  [1m[32mINSERT INTO "schema_migrations" (version) VALUES
(20230706190555),
(20230712184546),
(20230712184738),
(20230712185014),
(20230714161518),
(20230714161748),
(20230714183258),
(20230714183412),
(20230719160439),
(20230719161727),
(20230720163159),
(20230720174107),
(20230720174420),
(20230724200655);

[0m
  [1m[35m (1.1ms)[0m  [1m[35mCREATE TABLE "ar_internal_metadata" ("key" character varying NOT NULL PRIMARY KEY, "value" character varying, "created_at" timestamp(6) NOT NULL, "updated_at" timestamp(6) NOT NULL)[0m
  [1m[36mActiveRecord::InternalMetadata Load (0.1ms)[0m  [1m[34mSELECT "ar_internal_metadata".* FROM "ar_internal_metadata" WHERE "ar_internal_metadata"."key" = $1 LIMIT $2[0m  [["key", "environment"], ["LIMIT", 1]]
  [1m[36mTRANSACTION (0.0ms)[0m  [1m[35mBEGIN[0m
  [1m[36mActiveRecord::InternalMetadata Create (0.1ms)[0m  [1m[32mINSERT INTO "ar_internal_metadata" ("key", "value", "created_at", "updated_at") VALUES ($1, $2, $3, $4) RETURNING "key"[0m  [["key", "environment"], ["value", "development"], ["created_at", "2023-08-25 17:17:49.414512"], ["updated_at", "2023-08-25 17:17:49.414512"]]
  [1m[36mTRANSACTION (0.1ms)[0m  [1m[35mCOMMIT[0m
  [1m[36mActiveRecord::InternalMetadata Load (0.1ms)[0m  [1m[34mSELECT "ar_internal_metadata".* FROM "ar_internal_metadata" WHERE "ar_internal_metadata"."key" = $1 LIMIT $2[0m  [["key", "environment"], ["LIMIT", 1]]
  [1m[36mTRANSACTION (0.0ms)[0m  [1m[35mBEGIN[0m
  [1m[36mActiveRecord::InternalMetadata Update (0.1ms)[0m  [1m[33mUPDATE "ar_internal_metadata" SET "value" = $1, "updated_at" = $2 WHERE "ar_internal_metadata"."key" = $3[0m  [["value", "test"], ["updated_at", "2023-08-25 17:17:49.416572"], ["key", "environment"]]
  [1m[36mTRANSACTION (0.1ms)[0m  [1m[35mCOMMIT[0m
  [1m[36mActiveRecord::InternalMetadata Load (0.1ms)[0m  [1m[34mSELECT "ar_internal_metadata".* FROM "ar_internal_metadata" WHERE "ar_internal_metadata"."key" = $1 LIMIT $2[0m  [["key", "schema_sha1"], ["LIMIT", 1]]
  [1m[36mTRANSACTION (0.0ms)[0m  [1m[35mBEGIN[0m
  [1m[36mActiveRecord::InternalMetadata Create (0.1ms)[0m  [1m[32mINSERT INTO "ar_internal_metadata" ("key", "value", "created_at", "updated_at") VALUES ($1, $2, $3, $4) RETURNING "key"[0m  [["key", "schema_sha1"], ["value", "3924fb0ced44ec07e5b090bf2104d7d9f36aa121"], ["created_at", "2023-08-25 17:17:49.418662"], ["updated_at", "2023-08-25 17:17:49.418662"]]
  [1m[36mTRANSACTION (0.1ms)[0m  [1m[35mCOMMIT[0m
  [1m[36mActiveRecord::SchemaMigration Pluck (0.2ms)[0m  [1m[34mSELECT "schema_migrations"."version" FROM "schema_migrations" ORDER BY "schema_migrations"."version" ASC[0m
  [1m[36mTRANSACTION (0.1ms)[0m  [1m[35mBEGIN[0m
  [1m[36mUser Exists? (0.3ms)[0m  [1m[34mSELECT 1 AS one FROM "users" WHERE "users"."email" = $1 LIMIT $2[0m  [["email", "luna@example.com"], ["LIMIT", 1]]
  [1m[36mUser Create (0.2ms)[0m  [1m[32mINSERT INTO "users" ("name", "email", "password_digest", "created_at", "updated_at", "admin") VALUES ($1, $2, $3, $4, $5, $6) RETURNING "id"[0m  [["name", "Luna"], ["email", "luna@example.com"], ["password_digest", "[FILTERED]"], ["created_at", "2023-08-25 17:17:49.450344"], ["updated_at", "2023-08-25 17:17:49.450344"], ["admin", false]]
  [1m[36mTRANSACTION (0.1ms)[0m  [1m[35mCOMMIT[0m
  [1m[36mTRANSACTION (0.0ms)[0m  [1m[35mBEGIN[0m
  [1m[36mUser Exists? (0.1ms)[0m  [1m[34mSELECT 1 AS one FROM "users" WHERE "users"."email" = $1 LIMIT $2[0m  [["email", "amanda@example.com"], ["LIMIT", 1]]
  [1m[36mUser Create (0.1ms)[0m  [1m[32mINSERT INTO "users" ("name", "email", "password_digest", "created_at", "updated_at", "admin") VALUES ($1, $2, $3, $4, $5, $6) RETURNING "id"[0m  [["name", "amanda"], ["email", "amanda@example.com"], ["password_digest", "[FILTERED]"], ["created_at", "2023-08-25 17:17:49.452657"], ["updated_at", "2023-08-25 17:17:49.452657"], ["admin", true]]
  [1m[36mTRANSACTION (0.1ms)[0m  [1m[35mCOMMIT[0m
  [1m[36mTRANSACTION (0.0ms)[0m  [1m[35mBEGIN[0m
  [1m[36mSupplier Create (0.2ms)[0m  [1m[32mINSERT INTO "suppliers" ("name", "email", "phone_number", "created_at", "updated_at") VALUES ($1, $2, $3, $4, $5) RETURNING "id"[0m  [["name", "Amazon"], ["email", "amazon@example.com"], ["phone_number", "18008008080"], ["created_at", "2023-08-25 17:17:49.457704"], ["updated_at", "2023-08-25 17:17:49.457704"]]
  [1m[36mTRANSACTION (0.1ms)[0m  [1m[35mCOMMIT[0m
  [1m[36mTRANSACTION (0.0ms)[0m  [1m[35mBEGIN[0m
  [1m[36mSupplier Create (0.1ms)[0m  [1m[32mINSERT INTO "suppliers" ("name", "email", "phone_number", "created_at", "updated_at") VALUES ($1, $2, $3, $4, $5) RETURNING "id"[0m  [["name", "Think Geek"], ["email", "tg@example.com"], ["phone_number", "18000008008"], ["created_at", "2023-08-25 17:17:49.459485"], ["updated_at", "2023-08-25 17:17:49.459485"]]
  [1m[36mTRANSACTION (0.1ms)[0m  [1m[35mCOMMIT[0m
  [1m[36mTRANSACTION (0.1ms)[0m  [1m[35mBEGIN[0m
  [1m[36mCategory Create (0.5ms)[0m  [1m[32mINSERT INTO "categories" ("name", "created_at", "updated_at") VALUES ($1, $2, $3) RETURNING "id"[0m  [["name", "Cheap"], ["created_at", "2023-08-25 17:17:49.475011"], ["updated_at", "2023-08-25 17:17:49.475011"]]
  [1m[36mTRANSACTION (0.2ms)[0m  [1m[35mCOMMIT[0m
  [1m[36mTRANSACTION (0.0ms)[0m  [1m[35mBEGIN[0m
  [1m[36mCategory Create (0.2ms)[0m  [1m[32mINSERT INTO "categories" ("name", "created_at", "updated_at") VALUES ($1, $2, $3) RETURNING "id"[0m  [["name", "Wearable"], ["created_at", "2023-08-25 17:17:49.485008"], ["updated_at", "2023-08-25 17:17:49.485008"]]
  [1m[36mTRANSACTION (0.2ms)[0m  [1m[35mCOMMIT[0m
  [1m[36mTRANSACTION (0.1ms)[0m  [1m[35mBEGIN[0m
  [1m[36mCategory Create (0.1ms)[0m  [1m[32mINSERT INTO "categories" ("name", "created_at", "updated_at") VALUES ($1, $2, $3) RETURNING "id"[0m  [["name", "Damage"], ["created_at", "2023-08-25 17:17:49.505657"], ["updated_at", "2023-08-25 17:17:49.505657"]]
  [1m[36mTRANSACTION (0.1ms)[0m  [1m[35mCOMMIT[0m
  [1m[36mTRANSACTION (0.0ms)[0m  [1m[35mBEGIN[0m
  [1m[36mCategory Create (0.1ms)[0m  [1m[32mINSERT INTO "categories" ("name", "created_at", "updated_at") VALUES ($1, $2, $3) RETURNING "id"[0m  [["name", "Home Good"], ["created_at", "2023-08-25 17:17:49.507429"], ["updated_at", "2023-08-25 17:17:49.507429"]]
  [1m[36mTRANSACTION (0.1ms)[0m  [1m[35mCOMMIT[0m
  [1m[36mTRANSACTION (0.1ms)[0m  [1m[35mBEGIN[0m
  [1m[36mSupplier Load (0.1ms)[0m  [1m[34mSELECT "suppliers".* FROM "suppliers" WHERE "suppliers"."id" = $1 LIMIT $2[0m  [["id", 2], ["LIMIT", 1]]
  [1m[36mProduct Create (0.3ms)[0m  [1m[32mINSERT INTO "products" ("name", "price", "description", "created_at", "updated_at", "quantity", "supplier_id") VALUES ($1, $2, $3, $4, $5, $6, $7) RETURNING "id"[0m  [["name", "Sonic Screwdriver"], ["price", "9.0"], ["description", "The Doctor's sciencey magic wand to get out of tight spots. Note: does not work on wood"], ["created_at", "2023-08-25 17:17:49.529771"], ["updated_at", "2023-08-25 17:17:49.529771"], ["quantity", 99], ["supplier_id", 2]]
  [1m[36mTRANSACTION (0.1ms)[0m  [1m[35mCOMMIT[0m
  [1m[36mTRANSACTION (0.0ms)[0m  [1m[35mBEGIN[0m
  [1m[36mSupplier Load (0.1ms)[0m  [1m[34mSELECT "suppliers".* FROM "suppliers" WHERE "suppliers"."id" = $1 LIMIT $2[0m  [["id", 2], ["LIMIT", 1]]
  [1m[36mProduct Create (0.1ms)[0m  [1m[32mINSERT INTO "products" ("name", "price", "description", "created_at", "updated_at", "quantity", "supplier_id") VALUES ($1, $2, $3, $4, $5, $6, $7) RETURNING "id"[0m  [["name", "DnD Dice set"], ["price", "57.0"], ["description", "Take down mighty dragons with this timeless set of 20 sided wonders"], ["created_at", "2023-08-25 17:17:49.532661"], ["updated_at", "2023-08-25 17:17:49.532661"], ["quantity", 14], ["supplier_id", 2]]
  [1m[36mTRANSACTION (0.1ms)[0m  [1m[35mCOMMIT[0m
  [1m[36mTRANSACTION (0.0ms)[0m  [1m[35mBEGIN[0m
  [1m[36mSupplier Load (0.1ms)[0m  [1m[34mSELECT "suppliers".* FROM "suppliers" WHERE "suppliers"."id" = $1 LIMIT $2[0m  [["id", 2], ["LIMIT", 1]]
  [1m[36mProduct Create (0.1ms)[0m  [1m[32mINSERT INTO "products" ("name", "price", "description", "created_at", "updated_at", "quantity", "supplier_id") VALUES ($1, $2, $3, $4, $5, $6, $7) RETURNING "id"[0m  [["name", "Yoda sleeping bag"], ["price", "40.0"], ["description", "For real"], ["created_at", "2023-08-25 17:17:49.534842"], ["updated_at", "2023-08-25 17:17:49.534842"], ["quantity", 1], ["supplier_id", 2]]
  [1m[36mTRANSACTION (0.1ms)[0m  [1m[35mCOMMIT[0m
  [1m[36mTRANSACTION (0.0ms)[0m  [1m[35mBEGIN[0m
  [1m[36mSupplier Load (0.1ms)[0m  [1m[34mSELECT "suppliers".* FROM "suppliers" WHERE "suppliers"."id" = $1 LIMIT $2[0m  [["id", 2], ["LIMIT", 1]]
  [1m[36mProduct Create (0.1ms)[0m  [1m[32mINSERT INTO "products" ("name", "price", "description", "created_at", "updated_at", "quantity", "supplier_id") VALUES ($1, $2, $3, $4, $5, $6, $7) RETURNING "id"[0m  [["name", "Space Cowboy Laser Gun"], ["price", "170.0"], ["description", "This weapon has no other description than, Shiney!"], ["created_at", "2023-08-25 17:17:49.536811"], ["updated_at", "2023-08-25 17:17:49.536811"], ["quantity", 67], ["supplier_id", 2]]
  [1m[36mTRANSACTION (0.1ms)[0m  [1m[35mCOMMIT[0m
  [1m[36mTRANSACTION (0.0ms)[0m  [1m[35mBEGIN[0m
  [1m[36mSupplier Load (0.0ms)[0m  [1m[34mSELECT "suppliers".* FROM "suppliers" WHERE "suppliers"."id" = $1 LIMIT $2[0m  [["id", 1], ["LIMIT", 1]]
  [1m[36mProduct Create (0.1ms)[0m  [1m[32mINSERT INTO "products" ("name", "price", "description", "created_at", "updated_at", "quantity", "supplier_id") VALUES ($1, $2, $3, $4, $5, $6, $7) RETURNING "id"[0m  [["name", "WNYX Mug"], ["price", "2.0"], ["description", "Get your morning news once you wake up with a cup of joe from... well Joe. He made it with his homemade duct tape"], ["created_at", "2023-08-25 17:17:49.538701"], ["updated_at", "2023-08-25 17:17:49.538701"], ["quantity", 12], ["supplier_id", 1]]
  [1m[36mTRANSACTION (0.1ms)[0m  [1m[35mCOMMIT[0m
  [1m[36mTRANSACTION (0.0ms)[0m  [1m[35mBEGIN[0m
  [1m[36mSupplier Load (0.1ms)[0m  [1m[34mSELECT "suppliers".* FROM "suppliers" WHERE "suppliers"."id" = $1 LIMIT $2[0m  [["id", 1], ["LIMIT", 1]]
  [1m[36mProduct Create (0.1ms)[0m  [1m[32mINSERT INTO "products" ("name", "price", "description", "created_at", "updated_at", "quantity", "supplier_id") VALUES ($1, $2, $3, $4, $5, $6, $7) RETURNING "id"[0m  [["name", "Hitchhiker's Guide to the Galaxy"], ["price", "42.0"], ["description", "In many of the more relaxed civilizations on the Outer Eastern Rim of the Galaxy, the Hitch-Hiker's Guide has already supplanted the great Encyclopaedia Galactica as the standard repository of all knowledge and wisdom, for though it has many omissions and contains much that is apocryphal, or at least wildly inaccurate, it scores over the older, more pedestrian work in two important respects. First, it is slightly cheaper; and secondly it has the words DON'T PANIC inscribed in large friendly letters on its cover."], ["created_at", "2023-08-25 17:17:49.540669"], ["updated_at", "2023-08-25 17:17:49.540669"], ["quantity", 91], ["supplier_id", 1]]
  [1m[36mTRANSACTION (0.1ms)[0m  [1m[35mCOMMIT[0m
  [1m[36mTRANSACTION (0.0ms)[0m  [1m[35mBEGIN[0m
  [1m[36mSupplier Load (0.0ms)[0m  [1m[34mSELECT "suppliers".* FROM "suppliers" WHERE "suppliers"."id" = $1 LIMIT $2[0m  [["id", 1], ["LIMIT", 1]]
  [1m[36mProduct Create (0.1ms)[0m  [1m[32mINSERT INTO "products" ("name", "price", "description", "created_at", "updated_at", "quantity", "supplier_id") VALUES ($1, $2, $3, $4, $5, $6, $7) RETURNING "id"[0m  [["name", "Lightsaber!!!!"], ["price", "270.0"], ["description", "Part laser, part samurai sword, all awesome. The lightsaber is an elegant weapon for a more civilized age, not nearly as clumsy as a blaster"], ["created_at", "2023-08-25 17:17:49.542836"], ["updated_at", "2023-08-25 17:17:49.542836"], ["quantity", 2], ["supplier_id", 1]]
  [1m[36mTRANSACTION (0.1ms)[0m  [1m[35mCOMMIT[0m
  [1m[36mTRANSACTION (0.0ms)[0m  [1m[35mBEGIN[0m
  [1m[36mSupplier Load (0.0ms)[0m  [1m[34mSELECT "suppliers".* FROM "suppliers" WHERE "suppliers"."id" = $1 LIMIT $2[0m  [["id", 2], ["LIMIT", 1]]
  [1m[36mProduct Create (0.1ms)[0m  [1m[32mINSERT INTO "products" ("name", "price", "description", "created_at", "updated_at", "quantity", "supplier_id") VALUES ($1, $2, $3, $4, $5, $6, $7) RETURNING "id"[0m  [["name", "hello kitty rice cooker"], ["price", "45.0"], ["description", "it's cute and it cooks rice"], ["created_at", "2023-08-25 17:17:49.544554"], ["updated_at", "2023-08-25 17:17:49.544554"], ["quantity", nil], ["supplier_id", 2]]
  [1m[36mTRANSACTION (0.1ms)[0m  [1m[35mCOMMIT[0m
  [1m[36mTRANSACTION (0.1ms)[0m  [1m[35mBEGIN[0m
  [1m[36mUser Load (0.1ms)[0m  [1m[34mSELECT "users".* FROM "users" WHERE "users"."id" = $1 LIMIT $2[0m  [["id", 1], ["LIMIT", 1]]
  [1m[36mOrder Create (0.3ms)[0m  [1m[32mINSERT INTO "orders" ("user_id", "subtotal", "tax", "total", "created_at", "updated_at") VALUES ($1, $2, $3, $4, $5, $6) RETURNING "id"[0m  [["user_id", 1], ["subtotal", "10.0"], ["tax", "1.0"], ["total", "11.0"], ["created_at", "2023-08-25 17:17:49.551855"], ["updated_at", "2023-08-25 17:17:49.551855"]]
  [1m[36mTRANSACTION (0.1ms)[0m  [1m[35mCOMMIT[0m
  [1m[36mTRANSACTION (0.0ms)[0m  [1m[35mBEGIN[0m
  [1m[36mUser Load (0.1ms)[0m  [1m[34mSELECT "users".* FROM "users" WHERE "users"."id" = $1 LIMIT $2[0m  [["id", 1], ["LIMIT", 1]]
  [1m[36mOrder Create (0.1ms)[0m  [1m[32mINSERT INTO "orders" ("user_id", "subtotal", "tax", "total", "created_at", "updated_at") VALUES ($1, $2, $3, $4, $5, $6) RETURNING "id"[0m  [["user_id", 1], ["subtotal", "10.0"], ["tax", "1.0"], ["total", "11.0"], ["created_at", "2023-08-25 17:17:49.554113"], ["updated_at", "2023-08-25 17:17:49.554113"]]
  [1m[36mTRANSACTION (0.1ms)[0m  [1m[35mCOMMIT[0m
  [1m[36mTRANSACTION (0.0ms)[0m  [1m[35mBEGIN[0m
  [1m[36mUser Load (0.1ms)[0m  [1m[34mSELECT "users".* FROM "users" WHERE "users"."id" = $1 LIMIT $2[0m  [["id", 1], ["LIMIT", 1]]
  [1m[36mOrder Create (0.1ms)[0m  [1m[32mINSERT INTO "orders" ("user_id", "subtotal", "tax", "total", "created_at", "updated_at") VALUES ($1, $2, $3, $4, $5, $6) RETURNING "id"[0m  [["user_id", 1], ["subtotal", "10.0"], ["tax", "1.0"], ["total", "11.0"], ["created_at", "2023-08-25 17:17:49.557940"], ["updated_at", "2023-08-25 17:17:49.557940"]]
  [1m[36mTRANSACTION (0.1ms)[0m  [1m[35mCOMMIT[0m
  [1m[36mTRANSACTION (0.0ms)[0m  [1m[35mBEGIN[0m
  [1m[36mUser Load (0.0ms)[0m  [1m[34mSELECT "users".* FROM "users" WHERE "users"."id" = $1 LIMIT $2[0m  [["id", 1], ["LIMIT", 1]]
  [1m[36mOrder Create (0.1ms)[0m  [1m[32mINSERT INTO "orders" ("user_id", "subtotal", "tax", "total", "created_at", "updated_at") VALUES ($1, $2, $3, $4, $5, $6) RETURNING "id"[0m  [["user_id", 1], ["subtotal", "10.0"], ["tax", "1.0"], ["total", "11.0"], ["created_at", "2023-08-25 17:17:49.559935"], ["updated_at", "2023-08-25 17:17:49.559935"]]
  [1m[36mTRANSACTION (0.1ms)[0m  [1m[35mCOMMIT[0m
  [1m[36mTRANSACTION (0.0ms)[0m  [1m[35mBEGIN[0m
  [1m[36mUser Load (0.1ms)[0m  [1m[34mSELECT "users".* FROM "users" WHERE "users"."id" = $1 LIMIT $2[0m  [["id", 1], ["LIMIT", 1]]
  [1m[36mOrder Create (0.2ms)[0m  [1m[32mINSERT INTO "orders" ("user_id", "subtotal", "tax", "total", "created_at", "updated_at") VALUES ($1, $2, $3, $4, $5, $6) RETURNING "id"[0m  [["user_id", 1], ["subtotal", "1700.0"], ["tax", "153.0"], ["total", "1853.0"], ["created_at", "2023-08-25 17:17:49.562014"], ["updated_at", "2023-08-25 17:17:49.562014"]]
  [1m[36mTRANSACTION (0.3ms)[0m  [1m[35mCOMMIT[0m
  [1m[36mTRANSACTION (0.1ms)[0m  [1m[35mBEGIN[0m
  [1m[36mImage Create (0.3ms)[0m  [1m[32mINSERT INTO "images" ("url", "product_id", "created_at", "updated_at") VALUES ($1, $2, $3, $4) RETURNING "id"[0m  [["url", "https://i.pinimg.com/236x/14/4a/0b/144a0bffe37f29f414e2dae2bd0141cf.jpg"], ["product_id", 1], ["created_at", "2023-08-25 17:17:49.567988"], ["updated_at", "2023-08-25 17:17:49.567988"]]
  [1m[36mTRANSACTION (0.1ms)[0m  [1m[35mCOMMIT[0m
  [1m[36mTRANSACTION (0.0ms)[0m  [1m[35mBEGIN[0m
  [1m[36mImage Create (0.1ms)[0m  [1m[32mINSERT INTO "images" ("url", "product_id", "created_at", "updated_at") VALUES ($1, $2, $3, $4) RETURNING "id"[0m  [["url", "https://images-na.ssl-images-amazon.com/images/I/41961kFogkL._SY355_.jpg"], ["product_id", 1], ["created_at", "2023-08-25 17:17:49.569663"], ["updated_at", "2023-08-25 17:17:49.569663"]]
  [1m[36mTRANSACTION (0.1ms)[0m  [1m[35mCOMMIT[0m
  [1m[36mTRANSACTION (0.0ms)[0m  [1m[35mBEGIN[0m
  [1m[36mImage Create (0.1ms)[0m  [1m[32mINSERT INTO "images" ("url", "product_id", "created_at", "updated_at") VALUES ($1, $2, $3, $4) RETURNING "id"[0m  [["url", "https://vignette.wikia.nocookie.net/hitchhikers/images/e/e1/Guide.jpg/revision/latest?cb=20080505045130"], ["product_id", 2], ["created_at", "2023-08-25 17:17:49.570996"], ["updated_at", "2023-08-25 17:17:49.570996"]]
  [1m[36mTRANSACTION (0.1ms)[0m  [1m[35mCOMMIT[0m
  [1m[36mTRANSACTION (0.0ms)[0m  [1m[35mBEGIN[0m
  [1m[36mImage Create (0.1ms)[0m  [1m[32mINSERT INTO "images" ("url", "product_id", "created_at", "updated_at") VALUES ($1, $2, $3, $4) RETURNING "id"[0m  [["url", "http://25.media.tumblr.com/d2456964024018fd930338c099371104/tumblr_n2m73lTx2Q1svn82uo1_400.gif"], ["product_id", 3], ["created_at", "2023-08-25 17:17:49.572291"], ["updated_at", "2023-08-25 17:17:49.572291"]]
  [1m[36mTRANSACTION (0.1ms)[0m  [1m[35mCOMMIT[0m
  [1m[36mTRANSACTION (0.0ms)[0m  [1m[35mBEGIN[0m
  [1m[36mImage Create (0.1ms)[0m  [1m[32mINSERT INTO "images" ("url", "product_id", "created_at", "updated_at") VALUES ($1, $2, $3, $4) RETURNING "id"[0m  [["url", "https://www.forevergeek.com/wp-content/media/2015/11/maxresdefault-930x523.jpg"], ["product_id", 3], ["created_at", "2023-08-25 17:17:49.573701"], ["updated_at", "2023-08-25 17:17:49.573701"]]
  [1m[36mTRANSACTION (0.1ms)[0m  [1m[35mCOMMIT[0m
  [1m[36mTRANSACTION (0.0ms)[0m  [1m[35mBEGIN[0m
  [1m[36mImage Create (0.1ms)[0m  [1m[32mINSERT INTO "images" ("url", "product_id", "created_at", "updated_at") VALUES ($1, $2, $3, $4) RETURNING "id"[0m  [["url", "https://cld.goliath.com/image/upload/t_tn,f_auto,q_auto,$h_375,$w_1050/go/2017/05/Star-Wars-Lightsaber-1050x375.jpg"], ["product_id", 3], ["created_at", "2023-08-25 17:17:49.575035"], ["updated_at", "2023-08-25 17:17:49.575035"]]
  [1m[36mTRANSACTION (0.1ms)[0m  [1m[35mCOMMIT[0m
  [1m[36mTRANSACTION (0.0ms)[0m  [1m[35mBEGIN[0m
  [1m[36mImage Create (0.1ms)[0m  [1m[32mINSERT INTO "images" ("url", "product_id", "created_at", "updated_at") VALUES ($1, $2, $3, $4) RETURNING "id"[0m  [["url", "https://www.thegeekgift.com/wp-content/uploads/2014/11/malcolm_reynolds_gun_replica_firefly_props-500x500.jpg?x53467"], ["product_id", 4], ["created_at", "2023-08-25 17:17:49.576068"], ["updated_at", "2023-08-25 17:17:49.576068"]]
  [1m[36mTRANSACTION (0.1ms)[0m  [1m[35mCOMMIT[0m
  [1m[36mTRANSACTION (0.0ms)[0m  [1m[35mBEGIN[0m
  [1m[36mImage Create (0.1ms)[0m  [1m[32mINSERT INTO "images" ("url", "product_id", "created_at", "updated_at") VALUES ($1, $2, $3, $4) RETURNING "id"[0m  [["url", "https://s-media-cache-ak0.pinimg.com/736x/9c/15/7b/9c157bea5331463f9c539cbce739a4b8.jpg"], ["product_id", 5], ["created_at", "2023-08-25 17:17:49.577140"], ["updated_at", "2023-08-25 17:17:49.577140"]]
  [1m[36mTRANSACTION (0.1ms)[0m  [1m[35mCOMMIT[0m
  [1m[36mTRANSACTION (0.0ms)[0m  [1m[35mBEGIN[0m
  [1m[36mImage Create (0.1ms)[0m  [1m[32mINSERT INTO "images" ("url", "product_id", "created_at", "updated_at") VALUES ($1, $2, $3, $4) RETURNING "id"[0m  [["url", "http://merchandise.thedoctorwhosite.co.uk/wp-content/uploads/wand-10th-1.jpg"], ["product_id", 6], ["created_at", "2023-08-25 17:17:49.578228"], ["updated_at", "2023-08-25 17:17:49.578228"]]
  [1m[36mTRANSACTION (0.1ms)[0m  [1m[35mCOMMIT[0m
  [1m[36mTRANSACTION (0.0ms)[0m  [1m[35mBEGIN[0m
  [1m[36mImage Create (0.0ms)[0m  [1m[32mINSERT INTO "images" ("url", "product_id", "created_at", "updated_at") VALUES ($1, $2, $3, $4) RETURNING "id"[0m  [["url", "https://staticdelivery.nexusmods.com/mods/1151/images/thumbnails/12353-0-1461721930.png"], ["product_id", 7], ["created_at", "2023-08-25 17:17:49.579324"], ["updated_at", "2023-08-25 17:17:49.579324"]]
  [1m[36mTRANSACTION (0.1ms)[0m  [1m[35mCOMMIT[0m
  [1m[36mTRANSACTION (0.0ms)[0m  [1m[35mBEGIN[0m
  [1m[36mImage Create (0.0ms)[0m  [1m[32mINSERT INTO "images" ("url", "product_id", "created_at", "updated_at") VALUES ($1, $2, $3, $4) RETURNING "id"[0m  [["url", "https://encrypted-tbn0.gstatic.com/images?q=tbn:ANd9GcRNYzx-X5i9IPagcgfkFqa9NsIT_roRTWhpwA&usqp=CAU"], ["product_id", 8], ["created_at", "2023-08-25 17:17:49.580281"], ["updated_at", "2023-08-25 17:17:49.580281"]]
  [1m[36mTRANSACTION (0.1ms)[0m  [1m[35mCOMMIT[0m
  [1m[36mTRANSACTION (0.0ms)[0m  [1m[35mBEGIN[0m
  [1m[36mProduct Load (0.1ms)[0m  [1m[34mSELECT "products".* FROM "products" WHERE "products"."id" = $1 LIMIT $2[0m  [["id", 1], ["LIMIT", 1]]
  [1m[36mCategory Load (0.0ms)[0m  [1m[34mSELECT "categories".* FROM "categories" WHERE "categories"."id" = $1 LIMIT $2[0m  [["id", 1], ["LIMIT", 1]]
  [1m[36mCategoryProduct Create (0.2ms)[0m  [1m[32mINSERT INTO "category_products" ("category_id", "product_id", "created_at", "updated_at") VALUES ($1, $2, $3, $4) RETURNING "id"[0m  [["category_id", 1], ["product_id", 1], ["created_at", "2023-08-25 17:17:49.587322"], ["updated_at", "2023-08-25 17:17:49.587322"]]
  [1m[36mTRANSACTION (0.1ms)[0m  [1m[35mCOMMIT[0m
  [1m[36mTRANSACTION (0.0ms)[0m  [1m[35mBEGIN[0m
  [1m[36mProduct Load (0.1ms)[0m  [1m[34mSELECT "products".* FROM "products" WHERE "products"."id" = $1 LIMIT $2[0m  [["id", 6], ["LIMIT", 1]]
  [1m[36mCategory Load (0.1ms)[0m  [1m[34mSELECT "categories".* FROM "categories" WHERE "categories"."id" = $1 LIMIT $2[0m  [["id", 1], ["LIMIT", 1]]
  [1m[36mCategoryProduct Create (0.1ms)[0m  [1m[32mINSERT INTO "category_products" ("category_id", "product_id", "created_at", "updated_at") VALUES ($1, $2, $3, $4) RETURNING "id"[0m  [["category_id", 1], ["product_id", 6], ["created_at", "2023-08-25 17:17:49.591371"], ["updated_at", "2023-08-25 17:17:49.591371"]]
  [1m[36mTRANSACTION (0.1ms)[0m  [1m[35mCOMMIT[0m
  [1m[36mTRANSACTION (0.0ms)[0m  [1m[35mBEGIN[0m
  [1m[36mProduct Load (0.1ms)[0m  [1m[34mSELECT "products".* FROM "products" WHERE "products"."id" = $1 LIMIT $2[0m  [["id", 3], ["LIMIT", 1]]
  [1m[36mCategory Load (0.0ms)[0m  [1m[34mSELECT "categories".* FROM "categories" WHERE "categories"."id" = $1 LIMIT $2[0m  [["id", 2], ["LIMIT", 1]]
  [1m[36mCategoryProduct Create (0.1ms)[0m  [1m[32mINSERT INTO "category_products" ("category_id", "product_id", "created_at", "updated_at") VALUES ($1, $2, $3, $4) RETURNING "id"[0m  [["category_id", 2], ["product_id", 3], ["created_at", "2023-08-25 17:17:49.593911"], ["updated_at", "2023-08-25 17:17:49.593911"]]
  [1m[36mTRANSACTION (0.1ms)[0m  [1m[35mCOMMIT[0m
  [1m[36mTRANSACTION (0.0ms)[0m  [1m[35mBEGIN[0m
  [1m[36mProduct Load (0.0ms)[0m  [1m[34mSELECT "products".* FROM "products" WHERE "products"."id" = $1 LIMIT $2[0m  [["id", 4], ["LIMIT", 1]]
  [1m[36mCategory Load (0.0ms)[0m  [1m[34mSELECT "categories".* FROM "categories" WHERE "categories"."id" = $1 LIMIT $2[0m  [["id", 2], ["LIMIT", 1]]
  [1m[36mCategoryProduct Create (0.1ms)[0m  [1m[32mINSERT INTO "category_products" ("category_id", "product_id", "created_at", "updated_at") VALUES ($1, $2, $3, $4) RETURNING "id"[0m  [["category_id", 2], ["product_id", 4], ["created_at", "2023-08-25 17:17:49.596296"], ["updated_at", "2023-08-25 17:17:49.596296"]]
  [1m[36mTRANSACTION (0.1ms)[0m  [1m[35mCOMMIT[0m
  [1m[36mTRANSACTION (0.0ms)[0m  [1m[35mBEGIN[0m
  [1m[36mProduct Load (0.0ms)[0m  [1m[34mSELECT "products".* FROM "products" WHERE "products"."id" = $1 LIMIT $2[0m  [["id", 7], ["LIMIT", 1]]
  [1m[36mCategory Load (0.0ms)[0m  [1m[34mSELECT "categories".* FROM "categories" WHERE "categories"."id" = $1 LIMIT $2[0m  [["id", 2], ["LIMIT", 1]]
  [1m[36mCategoryProduct Create (0.1ms)[0m  [1m[32mINSERT INTO "category_products" ("category_id", "product_id", "created_at", "updated_at") VALUES ($1, $2, $3, $4) RETURNING "id"[0m  [["category_id", 2], ["product_id", 7], ["created_at", "2023-08-25 17:17:49.598311"], ["updated_at", "2023-08-25 17:17:49.598311"]]
  [1m[36mTRANSACTION (0.1ms)[0m  [1m[35mCOMMIT[0m
  [1m[36mTRANSACTION (0.0ms)[0m  [1m[35mBEGIN[0m
  [1m[36mProduct Load (0.0ms)[0m  [1m[34mSELECT "products".* FROM "products" WHERE "products"."id" = $1 LIMIT $2[0m  [["id", 3], ["LIMIT", 1]]
  [1m[36mCategory Load (0.0ms)[0m  [1m[34mSELECT "categories".* FROM "categories" WHERE "categories"."id" = $1 LIMIT $2[0m  [["id", 3], ["LIMIT", 1]]
  [1m[36mCategoryProduct Create (0.1ms)[0m  [1m[32mINSERT INTO "category_products" ("category_id", "product_id", "created_at", "updated_at") VALUES ($1, $2, $3, $4) RETURNING "id"[0m  [["category_id", 3], ["product_id", 3], ["created_at", "2023-08-25 17:17:49.600340"], ["updated_at", "2023-08-25 17:17:49.600340"]]
  [1m[36mTRANSACTION (0.1ms)[0m  [1m[35mCOMMIT[0m
  [1m[36mTRANSACTION (0.0ms)[0m  [1m[35mBEGIN[0m
  [1m[36mProduct Load (0.0ms)[0m  [1m[34mSELECT "products".* FROM "products" WHERE "products"."id" = $1 LIMIT $2[0m  [["id", 4], ["LIMIT", 1]]
  [1m[36mCategory Load (0.0ms)[0m  [1m[34mSELECT "categories".* FROM "categories" WHERE "categories"."id" = $1 LIMIT $2[0m  [["id", 3], ["LIMIT", 1]]
  [1m[36mCategoryProduct Create (0.1ms)[0m  [1m[32mINSERT INTO "category_products" ("category_id", "product_id", "created_at", "updated_at") VALUES ($1, $2, $3, $4) RETURNING "id"[0m  [["category_id", 3], ["product_id", 4], ["created_at", "2023-08-25 17:17:49.602228"], ["updated_at", "2023-08-25 17:17:49.602228"]]
  [1m[36mTRANSACTION (0.1ms)[0m  [1m[35mCOMMIT[0m
  [1m[36mTRANSACTION (0.2ms)[0m  [1m[35mBEGIN[0m
  [1m[36mProduct Load (0.2ms)[0m  [1m[34mSELECT "products".* FROM "products" WHERE "products"."id" = $1 LIMIT $2[0m  [["id", 5], ["LIMIT", 1]]
  [1m[36mCategory Load (0.2ms)[0m  [1m[34mSELECT "categories".* FROM "categories" WHERE "categories"."id" = $1 LIMIT $2[0m  [["id", 3], ["LIMIT", 1]]
  [1m[36mCategoryProduct Create (0.1ms)[0m  [1m[32mINSERT INTO "category_products" ("category_id", "product_id", "created_at", "updated_at") VALUES ($1, $2, $3, $4) RETURNING "id"[0m  [["category_id", 3], ["product_id", 5], ["created_at", "2023-08-25 17:17:49.605839"], ["updated_at", "2023-08-25 17:17:49.605839"]]
  [1m[36mTRANSACTION (0.1ms)[0m  [1m[35mCOMMIT[0m
  [1m[36mTRANSACTION (0.0ms)[0m  [1m[35mBEGIN[0m
  [1m[36mProduct Load (0.1ms)[0m  [1m[34mSELECT "products".* FROM "products" WHERE "products"."id" = $1 LIMIT $2[0m  [["id", 1], ["LIMIT", 1]]
  [1m[36mCategory Load (0.0ms)[0m  [1m[34mSELECT "categories".* FROM "categories" WHERE "categories"."id" = $1 LIMIT $2[0m  [["id", 4], ["LIMIT", 1]]
  [1m[36mCategoryProduct Create (0.1ms)[0m  [1m[32mINSERT INTO "category_products" ("category_id", "product_id", "created_at", "updated_at") VALUES ($1, $2, $3, $4) RETURNING "id"[0m  [["category_id", 4], ["product_id", 1], ["created_at", "2023-08-25 17:17:49.608837"], ["updated_at", "2023-08-25 17:17:49.608837"]]
  [1m[36mTRANSACTION (0.1ms)[0m  [1m[35mCOMMIT[0m
  [1m[36mTRANSACTION (0.0ms)[0m  [1m[35mBEGIN[0m
  [1m[36mProduct Load (0.0ms)[0m  [1m[34mSELECT "products".* FROM "products" WHERE "products"."id" = $1 LIMIT $2[0m  [["id", 2], ["LIMIT", 1]]
  [1m[36mCategory Load (0.0ms)[0m  [1m[34mSELECT "categories".* FROM "categories" WHERE "categories"."id" = $1 LIMIT $2[0m  [["id", 4], ["LIMIT", 1]]
  [1m[36mCategoryProduct Create (0.1ms)[0m  [1m[32mINSERT INTO "category_products" ("category_id", "product_id", "created_at", "updated_at") VALUES ($1, $2, $3, $4) RETURNING "id"[0m  [["category_id", 4], ["product_id", 2], ["created_at", "2023-08-25 17:17:49.611383"], ["updated_at", "2023-08-25 17:17:49.611383"]]
  [1m[36mTRANSACTION (0.1ms)[0m  [1m[35mCOMMIT[0m
  [1m[36mTRANSACTION (0.0ms)[0m  [1m[35mBEGIN[0m
  [1m[36mProduct Load (0.0ms)[0m  [1m[34mSELECT "products".* FROM "products" WHERE "products"."id" = $1 LIMIT $2[0m  [["id", 7], ["LIMIT", 1]]
  [1m[36mCategory Load (0.1ms)[0m  [1m[34mSELECT "categories".* FROM "categories" WHERE "categories"."id" = $1 LIMIT $2[0m  [["id", 4], ["LIMIT", 1]]
  [1m[36mCategoryProduct Create (0.1ms)[0m  [1m[32mINSERT INTO "category_products" ("category_id", "product_id", "created_at", "updated_at") VALUES ($1, $2, $3, $4) RETURNING "id"[0m  [["category_id", 4], ["product_id", 7], ["created_at", "2023-08-25 17:17:49.615126"], ["updated_at", "2023-08-25 17:17:49.615126"]]
  [1m[36mTRANSACTION (0.2ms)[0m  [1m[35mCOMMIT[0m
